<?xml version="1.0" encoding="UTF-8"?>
<!-- Generated by org.testng.reporters.JUnitXMLReporter -->
<testsuite hostname="NODE323" ignored="0" name="Default test" tests="8" failures="0" timestamp="21 Oct 2019 06:20:49 GMT" time="0.279" errors="0">
  <testcase name="add" time="0.033" classname="demo.demoTest2"/>
  <testcase name="div" time="0.005" classname="demo.demoTest2"/>
  <testcase name="mul" time="0.005" classname="demo.demoTest2"/>
  <testcase name="sub" time="0.012" classname="demo.demoTest2"/>
  <testcase name="add" time="0.004" classname="demo.demoTest1"/>
  <testcase name="div" time="0.006" classname="demo.demoTest1"/>
  <testcase name="mul" time="0.002" classname="demo.demoTest1"/>
  <testcase name="sub" time="0.006" classname="demo.demoTest1"/>
</testsuite> <!-- Default test -->
