<?xml version="1.0" encoding="UTF-8"?>
<!-- Generated by org.testng.reporters.JUnitXMLReporter -->
<testsuite hostname="NODE323" ignored="0" name="Test" tests="8" failures="0" timestamp="21 Oct 2019 06:22:20 GMT" time="0.095" errors="0">
  <testcase name="add" time="0.014" classname="demo.demoTest1"/>
  <testcase name="div" time="0.002" classname="demo.demoTest1"/>
  <testcase name="mul" time="0.002" classname="demo.demoTest1"/>
  <testcase name="sub" time="0.002" classname="demo.demoTest1"/>
  <testcase name="add" time="0.001" classname="demo.demoTest2"/>
  <testcase name="div" time="0.002" classname="demo.demoTest2"/>
  <testcase name="mul" time="0.002" classname="demo.demoTest2"/>
  <testcase name="sub" time="0.002" classname="demo.demoTest2"/>
</testsuite> <!-- Test -->
