<?xml version="1.0" encoding="UTF-8"?>
<!-- Generated by org.testng.reporters.JUnitXMLReporter -->
<testsuite hostname="NODE323" ignored="7" name="Test" tests="3" failures="0" timestamp="22 Oct 2019 11:06:39 GMT" time="0.069" errors="0">
  <testcase name="add" time="0.016" classname="demo.demoTest1"/>
  <testcase name="mul" time="0.001" classname="demo.demoTest1"/>
  <testcase name="sub" time="0.0" classname="demo.demoTest1"/>
  <testcase name="mul" time="0.0" classname="demo.demoTest2">
    <ignored/>
  </testcase> <!-- mul -->
  <testcase name="sub" time="0.0" classname="demo.Amazontest">
    <ignored/>
  </testcase> <!-- sub -->
  <testcase name="add" time="0.0" classname="demo.demoTest2">
    <ignored/>
  </testcase> <!-- add -->
  <testcase name="div" time="0.0" classname="demo.demoTest2">
    <ignored/>
  </testcase> <!-- div -->
  <testcase name="sub" time="0.0" classname="demo.demoTest2">
    <ignored/>
  </testcase> <!-- sub -->
  <testcase name="div" time="0.0" classname="demo.demoTest1">
    <ignored/>
  </testcase> <!-- div -->
  <testcase name="all_methods" time="0.0" classname="demo.demoTest1">
    <ignored/>
  </testcase> <!-- all_methods -->
</testsuite> <!-- Test -->
