<?xml version="1.0" encoding="UTF-8"?>
<!-- Generated by org.testng.reporters.JUnitXMLReporter -->
<testsuite hostname="NODE323" ignored="0" name="Test" tests="18" failures="0" timestamp="25 Oct 2019 07:36:58 GMT" time="1.514" errors="0">
  <testcase name="sub" time="0.215" classname="demo.Amazontest"/>
  <testcase name="add" time="0.004" classname="demo.demoTest1"/>
  <testcase name="all_methods" time="0.006" classname="demo.demoTest1"/>
  <testcase name="div" time="0.188" classname="demo.demoTest1"/>
  <testcase name="mul" time="0.005" classname="demo.demoTest1"/>
  <testcase name="sub" time="0.003" classname="demo.demoTest1"/>
  <testcase name="add" time="0.006" classname="demo.demoTest4"/>
  <testcase name="div" time="0.022" classname="demo.demoTest4"/>
  <testcase name="mul" time="0.004" classname="demo.demoTest4"/>
  <testcase name="sub" time="0.014" classname="demo.demoTest4"/>
  <testcase name="add" time="0.005" classname="demo.demoTest2"/>
  <testcase name="div" time="0.007" classname="demo.demoTest2"/>
  <testcase name="mul" time="0.003" classname="demo.demoTest2"/>
  <testcase name="sub" time="0.007" classname="demo.demoTest2"/>
  <testcase name="add" time="0.003" classname="demo.demoTest3"/>
  <testcase name="div" time="0.003" classname="demo.demoTest3"/>
  <testcase name="mul" time="0.003" classname="demo.demoTest3"/>
  <testcase name="sub" time="0.005" classname="demo.demoTest3"/>
</testsuite> <!-- Test -->
