<?xml version="1.0" encoding="UTF-8"?>
<testng-results skipped="0" failed="0" ignored="0" total="2" passed="2">
  <reporter-output>
  </reporter-output>
  <suite name="Suite" duration-ms="75199" started-at="2019-12-03T04:27:43Z" finished-at="2019-12-03T04:28:59Z">
    <groups>
    </groups>
    <test name="Test" duration-ms="75199" started-at="2019-12-03T04:27:43Z" finished-at="2019-12-03T04:28:59Z">
      <class name="demo.demoTest1">
        <test-method status="PASS" signature="start_log()[pri:0, instance:demo.demoTest1@2756c0a7]" name="start_log" is-config="true" duration-ms="36050" started-at="2019-12-03T04:27:48Z" finished-at="2019-12-03T04:28:24Z">
          <reporter-output>
          </reporter-output>
        </test-method> <!-- start_log -->
        <test-method status="PASS" signature="printData(java.lang.String, java.lang.String)[pri:0, instance:demo.demoTest1@2756c0a7]" name="printData" duration-ms="8461" started-at="2019-12-03T04:28:25Z" data-provider="getdata" finished-at="2019-12-03T04:28:33Z">
          <params>
            <param index="0">
              <value>
                <![CDATA[anup311085@gmail.com]]>
              </value>
            </param>
            <param index="1">
              <value>
                <![CDATA[Anup1234]]>
              </value>
            </param>
          </params>
          <reporter-output>
          </reporter-output>
        </test-method> <!-- printData -->
        <test-method status="PASS" signature="teardown()[pri:0, instance:demo.demoTest1@2756c0a7]" name="teardown" is-config="true" duration-ms="731" started-at="2019-12-03T04:28:34Z" finished-at="2019-12-03T04:28:34Z">
          <reporter-output>
          </reporter-output>
        </test-method> <!-- teardown -->
        <test-method status="PASS" signature="start_log()[pri:0, instance:demo.demoTest1@2756c0a7]" name="start_log" is-config="true" duration-ms="14935" started-at="2019-12-03T04:28:34Z" finished-at="2019-12-03T04:28:49Z">
          <reporter-output>
          </reporter-output>
        </test-method> <!-- start_log -->
        <test-method status="PASS" signature="printData(java.lang.String, java.lang.String)[pri:0, instance:demo.demoTest1@2756c0a7]" name="printData" duration-ms="8026" started-at="2019-12-03T04:28:50Z" data-provider="getdata" finished-at="2019-12-03T04:28:58Z">
          <params>
            <param index="0">
              <value>
                <![CDATA[vanup45@yahoo.com]]>
              </value>
            </param>
            <param index="1">
              <value>
                <![CDATA[Anup1234]]>
              </value>
            </param>
          </params>
          <reporter-output>
          </reporter-output>
        </test-method> <!-- printData -->
        <test-method status="PASS" signature="teardown()[pri:0, instance:demo.demoTest1@2756c0a7]" name="teardown" is-config="true" duration-ms="383" started-at="2019-12-03T04:28:58Z" finished-at="2019-12-03T04:28:59Z">
          <reporter-output>
          </reporter-output>
        </test-method> <!-- teardown -->
      </class> <!-- demo.demoTest1 -->
    </test> <!-- Test -->
  </suite> <!-- Suite -->
</testng-results>
