<?xml version="1.0" encoding="UTF-8"?>
<testng-results skipped="0" failed="0" ignored="7" total="10" passed="3">
  <reporter-output>
  </reporter-output>
  <suite name="Suite" duration-ms="69" started-at="2019-10-22T11:06:39Z" finished-at="2019-10-22T11:06:39Z">
    <groups>
      <group name="unit">
        <method signature="demoTest1.add()[pri:0, instance:demo.demoTest1@735f7ae5]" name="add" class="demo.demoTest1"/>
        <method signature="demoTest1.sub()[pri:0, instance:demo.demoTest1@735f7ae5]" name="sub" class="demo.demoTest1"/>
      </group> <!-- unit -->
      <group name="anup">
        <method signature="demoTest1.mul()[pri:0, instance:demo.demoTest1@735f7ae5]" name="mul" class="demo.demoTest1"/>
      </group> <!-- anup -->
    </groups>
    <test name="Test" duration-ms="69" started-at="2019-10-22T11:06:39Z" finished-at="2019-10-22T11:06:39Z">
      <class name="demo.demoTest1">
        <test-method status="PASS" signature="add()[pri:0, instance:demo.demoTest1@735f7ae5]" name="add" duration-ms="16" started-at="2019-10-22T11:06:39Z" finished-at="2019-10-22T11:06:39Z">
          <reporter-output>
          </reporter-output>
        </test-method> <!-- add -->
        <test-method status="PASS" signature="mul()[pri:0, instance:demo.demoTest1@735f7ae5]" name="mul" duration-ms="1" started-at="2019-10-22T11:06:39Z" finished-at="2019-10-22T11:06:39Z">
          <reporter-output>
          </reporter-output>
        </test-method> <!-- mul -->
        <test-method status="PASS" signature="sub()[pri:0, instance:demo.demoTest1@735f7ae5]" name="sub" duration-ms="0" started-at="2019-10-22T11:06:39Z" finished-at="2019-10-22T11:06:39Z">
          <reporter-output>
          </reporter-output>
        </test-method> <!-- sub -->
      </class> <!-- demo.demoTest1 -->
    </test> <!-- Test -->
  </suite> <!-- Suite -->
</testng-results>
