<?xml version="1.0" encoding="UTF-8"?>
<testng-results skipped="0" failed="0" ignored="0" total="18" passed="18">
  <reporter-output>
  </reporter-output>
  <suite name="Suite" duration-ms="1514" started-at="2019-10-25T07:36:56Z" finished-at="2019-10-25T07:36:58Z">
    <groups>
      <group name="unit">
        <method signature="demoTest1.add()[pri:0, instance:demo.demoTest1@757d6814]" name="add" class="demo.demoTest1"/>
        <method signature="demoTest1.sub()[pri:0, instance:demo.demoTest1@757d6814]" name="sub" class="demo.demoTest1"/>
      </group> <!-- unit -->
      <group name="anup">
        <method signature="demoTest1.mul()[pri:0, instance:demo.demoTest1@757d6814]" name="mul" class="demo.demoTest1"/>
      </group> <!-- anup -->
    </groups>
    <test name="Test" duration-ms="1514" started-at="2019-10-25T07:36:56Z" finished-at="2019-10-25T07:36:58Z">
      <class name="demo.Amazontest">
        <test-method status="PASS" signature="sub()[pri:0, instance:demo.Amazontest@3c0fae6c]" name="sub" duration-ms="215" started-at="2019-10-25T07:36:57Z" finished-at="2019-10-25T07:36:57Z">
          <reporter-output>
          </reporter-output>
        </test-method> <!-- sub -->
      </class> <!-- demo.Amazontest -->
      <class name="demo.demoTest4">
        <test-method status="PASS" signature="add()[pri:0, instance:demo.demoTest4@649725e3]" name="add" duration-ms="6" started-at="2019-10-25T07:36:57Z" finished-at="2019-10-25T07:36:57Z">
          <reporter-output>
          </reporter-output>
        </test-method> <!-- add -->
        <test-method status="PASS" signature="div()[pri:0, instance:demo.demoTest4@649725e3]" name="div" duration-ms="22" started-at="2019-10-25T07:36:57Z" finished-at="2019-10-25T07:36:58Z">
          <reporter-output>
          </reporter-output>
        </test-method> <!-- div -->
        <test-method status="PASS" signature="mul()[pri:0, instance:demo.demoTest4@649725e3]" name="mul" duration-ms="4" started-at="2019-10-25T07:36:58Z" finished-at="2019-10-25T07:36:58Z">
          <reporter-output>
          </reporter-output>
        </test-method> <!-- mul -->
        <test-method status="PASS" signature="sub()[pri:0, instance:demo.demoTest4@649725e3]" name="sub" duration-ms="14" started-at="2019-10-25T07:36:58Z" finished-at="2019-10-25T07:36:58Z">
          <reporter-output>
          </reporter-output>
        </test-method> <!-- sub -->
      </class> <!-- demo.demoTest4 -->
      <class name="demo.demoTest2">
        <test-method status="PASS" signature="add()[pri:0, instance:demo.demoTest2@4c168660]" name="add" duration-ms="5" started-at="2019-10-25T07:36:58Z" finished-at="2019-10-25T07:36:58Z">
          <reporter-output>
          </reporter-output>
        </test-method> <!-- add -->
        <test-method status="PASS" signature="div()[pri:0, instance:demo.demoTest2@4c168660]" name="div" duration-ms="7" started-at="2019-10-25T07:36:58Z" finished-at="2019-10-25T07:36:58Z">
          <reporter-output>
          </reporter-output>
        </test-method> <!-- div -->
        <test-method status="PASS" signature="mul()[pri:0, instance:demo.demoTest2@4c168660]" name="mul" duration-ms="3" started-at="2019-10-25T07:36:58Z" finished-at="2019-10-25T07:36:58Z">
          <reporter-output>
          </reporter-output>
        </test-method> <!-- mul -->
        <test-method status="PASS" signature="sub()[pri:0, instance:demo.demoTest2@4c168660]" name="sub" duration-ms="7" started-at="2019-10-25T07:36:58Z" finished-at="2019-10-25T07:36:58Z">
          <reporter-output>
          </reporter-output>
        </test-method> <!-- sub -->
      </class> <!-- demo.demoTest2 -->
      <class name="demo.demoTest3">
        <test-method status="PASS" signature="add()[pri:0, instance:demo.demoTest3@52b56a3e]" name="add" duration-ms="3" started-at="2019-10-25T07:36:58Z" finished-at="2019-10-25T07:36:58Z">
          <reporter-output>
          </reporter-output>
        </test-method> <!-- add -->
        <test-method status="PASS" signature="div()[pri:0, instance:demo.demoTest3@52b56a3e]" name="div" duration-ms="3" started-at="2019-10-25T07:36:58Z" finished-at="2019-10-25T07:36:58Z">
          <reporter-output>
          </reporter-output>
        </test-method> <!-- div -->
        <test-method status="PASS" signature="mul()[pri:0, instance:demo.demoTest3@52b56a3e]" name="mul" duration-ms="3" started-at="2019-10-25T07:36:58Z" finished-at="2019-10-25T07:36:58Z">
          <reporter-output>
          </reporter-output>
        </test-method> <!-- mul -->
        <test-method status="PASS" signature="sub()[pri:0, instance:demo.demoTest3@52b56a3e]" name="sub" duration-ms="5" started-at="2019-10-25T07:36:58Z" finished-at="2019-10-25T07:36:58Z">
          <reporter-output>
          </reporter-output>
        </test-method> <!-- sub -->
      </class> <!-- demo.demoTest3 -->
      <class name="demo.demoTest1">
        <test-method status="PASS" signature="start_log()[pri:0, instance:demo.demoTest1@757d6814]" name="start_log" is-config="true" duration-ms="264" started-at="2019-10-25T07:36:56Z" finished-at="2019-10-25T07:36:56Z">
          <reporter-output>
          </reporter-output>
        </test-method> <!-- start_log -->
        <test-method status="PASS" signature="start_log()[pri:0, instance:demo.demoTest4@649725e3]" name="start_log" is-config="true" duration-ms="7" started-at="2019-10-25T07:36:56Z" finished-at="2019-10-25T07:36:56Z">
          <reporter-output>
          </reporter-output>
        </test-method> <!-- start_log -->
        <test-method status="PASS" signature="add()[pri:0, instance:demo.demoTest1@757d6814]" name="add" duration-ms="4" started-at="2019-10-25T07:36:57Z" finished-at="2019-10-25T07:36:57Z">
          <reporter-output>
          </reporter-output>
        </test-method> <!-- add -->
        <test-method status="PASS" signature="all_methods()[pri:0, instance:demo.demoTest1@757d6814]" name="all_methods" duration-ms="6" started-at="2019-10-25T07:36:57Z" finished-at="2019-10-25T07:36:57Z">
          <reporter-output>
          </reporter-output>
        </test-method> <!-- all_methods -->
        <test-method status="PASS" signature="div()[pri:0, instance:demo.demoTest1@757d6814]" name="div" duration-ms="188" started-at="2019-10-25T07:36:57Z" finished-at="2019-10-25T07:36:57Z">
          <reporter-output>
          </reporter-output>
        </test-method> <!-- div -->
        <test-method status="PASS" signature="mul()[pri:0, instance:demo.demoTest1@757d6814]" name="mul" duration-ms="5" started-at="2019-10-25T07:36:57Z" finished-at="2019-10-25T07:36:57Z">
          <reporter-output>
          </reporter-output>
        </test-method> <!-- mul -->
        <test-method status="PASS" signature="sub()[pri:0, instance:demo.demoTest1@757d6814]" name="sub" duration-ms="3" started-at="2019-10-25T07:36:57Z" finished-at="2019-10-25T07:36:57Z">
          <reporter-output>
          </reporter-output>
        </test-method> <!-- sub -->
      </class> <!-- demo.demoTest1 -->
    </test> <!-- Test -->
  </suite> <!-- Suite -->
</testng-results>
